<?xml version="1.0" encoding="UTF-8"?>
<robot generator="Robot 7.4.2 (Python 3.14.2 on win32)" generated="2026-03-14T21:01:38.516267" rpa="false" schemaversion="5">
<suite id="s1" name="Test suite" source="C:\Projects\TestAutomation\K_Rauta_webpage_example\Test_suite.robot">
<test id="s1-t1" name="TC001 - Open WebBrowser and test page" line="8">
<kw name="Set Selenium Speed" owner="SeleniumLibrary" type="SETUP">
<arg>0.5</arg>
<doc>Sets the delay that is waited after each Selenium command.</doc>
<status status="PASS" start="2026-03-14T21:01:38.645085" elapsed="0.000211"/>
</kw>
<kw name="Open browser to K-Rauta page" owner="Page_resources">
<kw name="Open Browser" owner="SeleniumLibrary">
<msg time="2026-03-14T21:01:38.646452" level="INFO">Opening browser 'Chrome' to base url 'https://www.k-rauta.fi/'.</msg>
<arg>${url}</arg>
<arg>${browser}</arg>
<arg>options=add_argument("--disable-blink-features=AutomationControlled"); add_argument("--log-level=1")</arg>
<doc>Opens a new browser instance to the optional ``url``.</doc>
<status status="PASS" start="2026-03-14T21:01:38.646275" elapsed="3.288901"/>
</kw>
<kw name="Title Should Be" owner="SeleniumLibrary">
<msg time="2026-03-14T21:01:42.442923" level="INFO">Page title is 'Rautakauppa - K-Rauta'.</msg>
<arg>Rautakauppa - K-Rauta</arg>
<doc>Verifies that the current page title equals ``title``.</doc>
<status status="PASS" start="2026-03-14T21:01:41.935409" elapsed="0.507694"/>
</kw>
<kw name="Sleep" owner="BuiltIn">
<msg time="2026-03-14T21:01:44.444370" level="INFO">Slept 2 seconds.</msg>
<arg>2</arg>
<doc>Pauses the test executed for the given time.</doc>
<status status="PASS" start="2026-03-14T21:01:42.443308" elapsed="2.001205"/>
</kw>
<status status="PASS" start="2026-03-14T21:01:38.646076" elapsed="5.798764"/>
</kw>
<kw name="Accept Cookies If Present" owner="Page_resources">
<kw name="Run Keyword And Ignore Error" owner="BuiltIn">
<kw name="Click Button" owner="SeleniumLibrary">
<msg time="2026-03-14T21:01:44.446833" level="INFO">Clicking button 'xpath=//button[contains(.,'Hyväksy')]'.</msg>
<arg>xpath=//button[contains(.,'Hyväksy')]</arg>
<doc>Clicks the button identified by ``locator``.</doc>
<status status="PASS" start="2026-03-14T21:01:44.446521" elapsed="2.580781"/>
</kw>
<arg>Click Button</arg>
<arg>xpath=//button[contains(.,'Hyväksy')]</arg>
<doc>Runs the given keyword with the given arguments and ignores possible error.</doc>
<status status="PASS" start="2026-03-14T21:01:44.446122" elapsed="2.581318"/>
</kw>
<kw name="Run Keyword And Return Status" owner="BuiltIn">
<kw name="Element Should Be Visible" owner="SeleniumLibrary">
<msg time="2026-03-14T21:01:48.455566" level="INFO" html="true">&lt;/td&gt;&lt;/tr&gt;&lt;tr&gt;&lt;td colspan="3"&gt;&lt;a href="selenium-screenshot-7.png"&gt;&lt;img src="selenium-screenshot-7.png" width="800px"&gt;&lt;/a&gt;</msg>
<msg time="2026-03-14T21:01:48.455833" level="FAIL">Element with locator 'xpath=//button[contains(.,'Accept')]' not found.</msg>
<arg>xpath=//button[contains(.,'Accept')]</arg>
<doc>Verifies that the element identified by ``locator`` is visible.</doc>
<status status="FAIL" start="2026-03-14T21:01:47.027988" elapsed="1.431970">Element with locator 'xpath=//button[contains(.,'Accept')]' not found.</status>
</kw>
<msg time="2026-03-14T21:01:48.460392" level="INFO">${visible} = False</msg>
<var>${visible}</var>
<arg>Element Should Be Visible</arg>
<arg>xpath=//button[contains(.,'Accept')]</arg>
<doc>Runs the specified keyword and returns the status as a Boolean value.</doc>
<status status="PASS" start="2026-03-14T21:01:47.027622" elapsed="1.432844"/>
</kw>
<if>
<branch type="IF" condition="${visible}">
<kw name="Click Button" owner="SeleniumLibrary">
<arg>xpath=//button[contains(.,'Accept')]</arg>
<doc>Clicks the button identified by ``locator``.</doc>
<status status="NOT RUN" start="2026-03-14T21:01:48.461132" elapsed="0.000069"/>
</kw>
<status status="NOT RUN" start="2026-03-14T21:01:48.460736" elapsed="0.000604"/>
</branch>
<status status="PASS" start="2026-03-14T21:01:48.460668" elapsed="0.000743"/>
</if>
<status status="PASS" start="2026-03-14T21:01:44.445813" elapsed="4.015714"/>
</kw>
<status status="PASS" start="2026-03-14T21:01:38.644350" elapsed="9.817754"/>
</test>
<test id="s1-t2" name="TC002 - Add item to basket" line="13">
<kw name="Set Selenium Speed" owner="SeleniumLibrary" type="SETUP">
<arg>0.5</arg>
<doc>Sets the delay that is waited after each Selenium command.</doc>
<status status="PASS" start="2026-03-14T21:01:48.463583" elapsed="0.000288"/>
</kw>
<kw name="Search item" owner="Page_resources">
<kw name="Wait Until Element Is Visible" owner="SeleniumLibrary">
<arg>xpath=//input[@type='search']</arg>
<arg>timeout=${WAITELEMENTSTIMEOUT}</arg>
<doc>Waits until the element ``locator`` is visible.</doc>
<status status="PASS" start="2026-03-14T21:01:48.464817" elapsed="1.054322"/>
</kw>
<kw name="Input Text" owner="SeleniumLibrary">
<msg time="2026-03-14T21:01:49.519646" level="INFO">Typing text 'WC harja' into text field 'xpath=//input[@type='search']'.</msg>
<arg>xpath=//input[@type='search']</arg>
<arg>${itemname}</arg>
<doc>Types the given ``text`` into the text field identified by ``locator``.</doc>
<status status="PASS" start="2026-03-14T21:01:49.519370" elapsed="1.865268"/>
</kw>
<kw name="Press Keys" owner="SeleniumLibrary">
<msg time="2026-03-14T21:01:51.385299" level="INFO">Sending key(s) ('ENTER',) to xpath=//input[@type='search'] element.</msg>
<msg time="2026-03-14T21:01:52.670633" level="INFO">Pressing special key ENTER to element.</msg>
<msg time="2026-03-14T21:01:52.670781" level="INFO">Releasing special key ENTER.</msg>
<arg>xpath=//input[@type='search']</arg>
<arg>ENTER</arg>
<doc>Simulates the user pressing key(s) to an element or on the active browser.</doc>
<status status="PASS" start="2026-03-14T21:01:51.384872" elapsed="1.862188"/>
</kw>
<arg>${item1}</arg>
<status status="PASS" start="2026-03-14T21:01:48.464261" elapsed="4.783000"/>
</kw>
<kw name="Select first item result" owner="Page_resources">
<kw name="Wait Until Element Is Visible" owner="SeleniumLibrary">
<arg>//*[@id="main-content"]/div/div[3]/div[3]/div[3]/div[1]/div/article[1]/div/div[3]/div/a/span</arg>
<arg>15s</arg>
<doc>Waits until the element ``locator`` is visible.</doc>
<status status="PASS" start="2026-03-14T21:01:53.248096" elapsed="1.927704"/>
</kw>
<kw name="Click Element" owner="SeleniumLibrary">
<msg time="2026-03-14T21:01:55.176263" level="INFO">Clicking element '//*[@id="main-content"]/div/div[3]/div[3]/div[3]/div[1]/div/article[1]/div/div[3]/div/a/span'.</msg>
<arg>//*[@id="main-content"]/div/div[3]/div[3]/div[3]/div[1]/div/article[1]/div/div[3]/div/a/span</arg>
<doc>Click the element identified by ``locator``.</doc>
<status status="PASS" start="2026-03-14T21:01:55.176034" elapsed="1.125713"/>
</kw>
<status status="PASS" start="2026-03-14T21:01:53.247734" elapsed="3.054295"/>
</kw>
<kw name="Add item to basket" owner="Page_resources">
<kw name="Wait Until Element Is Visible" owner="SeleniumLibrary">
<arg>xpath=//button[contains(.,'Lisää ostoskoriin')]</arg>
<arg>timeout=${WAITELEMENTSTIMEOUT}</arg>
<doc>Waits until the element ``locator`` is visible.</doc>
<status status="PASS" start="2026-03-14T21:01:56.303467" elapsed="1.117479"/>
</kw>
<kw name="Click Button" owner="SeleniumLibrary">
<msg time="2026-03-14T21:01:57.421589" level="INFO">Clicking button 'xpath=//button[contains(.,'Lisää ostoskoriin')]'.</msg>
<arg>xpath=//button[contains(.,'Lisää ostoskoriin')]</arg>
<doc>Clicks the button identified by ``locator``.</doc>
<status status="PASS" start="2026-03-14T21:01:57.421264" elapsed="2.628566"/>
</kw>
<status status="PASS" start="2026-03-14T21:01:56.302867" elapsed="3.747106"/>
</kw>
<kw name="Verify basket total" owner="Page_resources">
<kw name="Wait Until Element Is Visible" owner="SeleniumLibrary">
<arg>css:[data-cy="mini-basket-total"]</arg>
<doc>Waits until the element ``locator`` is visible.</doc>
<status status="PASS" start="2026-03-14T21:02:00.051115" elapsed="1.727471"/>
</kw>
<kw name="Get Text" owner="SeleniumLibrary">
<msg time="2026-03-14T21:02:02.804081" level="INFO">${result} = 15 €</msg>
<var>${result}</var>
<arg>css:[data-cy="mini-basket-total"]</arg>
<doc>Returns the text value of the element identified by ``locator``.</doc>
<status status="PASS" start="2026-03-14T21:02:01.778991" elapsed="1.025262"/>
</kw>
<kw name="Should Be Equal" owner="BuiltIn">
<arg>${BasketTotal}</arg>
<arg>${result}</arg>
<doc>Fails if the given objects are unequal.</doc>
<status status="PASS" start="2026-03-14T21:02:02.804750" elapsed="0.001107"/>
</kw>
<arg>15 €</arg>
<status status="PASS" start="2026-03-14T21:02:00.050604" elapsed="2.755461"/>
</kw>
<kw name="Continue shopping button" owner="Page_resources">
<kw name="Wait Until Element Is Visible" owner="SeleniumLibrary">
<arg>${ContinueShopping}</arg>
<arg>timeout=${WAITELEMENTSTIMEOUT}</arg>
<doc>Waits until the element ``locator`` is visible.</doc>
<status status="PASS" start="2026-03-14T21:02:02.807778" elapsed="1.029243"/>
</kw>
<kw name="Click Element" owner="SeleniumLibrary">
<msg time="2026-03-14T21:02:03.838057" level="INFO">Clicking element 'css=[data-cy="continue-shopping-button"]'.</msg>
<arg>${ContinueShopping}</arg>
<doc>Click the element identified by ``locator``.</doc>
<status status="PASS" start="2026-03-14T21:02:03.837494" elapsed="1.089811"/>
</kw>
<status status="PASS" start="2026-03-14T21:02:02.806915" elapsed="2.120692"/>
</kw>
<kw name="Add item to basket" owner="Page_resources">
<kw name="Wait Until Element Is Visible" owner="SeleniumLibrary">
<arg>xpath=//button[contains(.,'Lisää ostoskoriin')]</arg>
<arg>timeout=${WAITELEMENTSTIMEOUT}</arg>
<doc>Waits until the element ``locator`` is visible.</doc>
<status status="PASS" start="2026-03-14T21:02:04.929642" elapsed="1.026729"/>
</kw>
<kw name="Click Button" owner="SeleniumLibrary">
<msg time="2026-03-14T21:02:05.957325" level="INFO">Clicking button 'xpath=//button[contains(.,'Lisää ostoskoriin')]'.</msg>
<arg>xpath=//button[contains(.,'Lisää ostoskoriin')]</arg>
<doc>Clicks the button identified by ``locator``.</doc>
<status status="PASS" start="2026-03-14T21:02:05.956844" elapsed="2.626824"/>
</kw>
<status status="PASS" start="2026-03-14T21:02:04.928974" elapsed="3.654988"/>
</kw>
<kw name="Verify basket total" owner="Page_resources">
<kw name="Wait Until Element Is Visible" owner="SeleniumLibrary">
<arg>css:[data-cy="mini-basket-total"]</arg>
<doc>Waits until the element ``locator`` is visible.</doc>
<status status="PASS" start="2026-03-14T21:02:08.585742" elapsed="2.437725"/>
</kw>
<kw name="Get Text" owner="SeleniumLibrary">
<msg time="2026-03-14T21:02:12.042268" level="INFO">${result} = 72,66 €</msg>
<var>${result}</var>
<arg>css:[data-cy="mini-basket-total"]</arg>
<doc>Returns the text value of the element identified by ``locator``.</doc>
<status status="PASS" start="2026-03-14T21:02:11.023745" elapsed="1.018712"/>
</kw>
<kw name="Should Be Equal" owner="BuiltIn">
<arg>${BasketTotal}</arg>
<arg>${result}</arg>
<doc>Fails if the given objects are unequal.</doc>
<status status="PASS" start="2026-03-14T21:02:12.042914" elapsed="0.001051"/>
</kw>
<arg>72,66 €</arg>
<status status="PASS" start="2026-03-14T21:02:08.585076" elapsed="3.459126"/>
</kw>
<kw name="To checkout" owner="Page_resources">
<kw name="Wait Until Element Is Visible" owner="SeleniumLibrary">
<arg>${toCheckout}</arg>
<arg>15s</arg>
<doc>Waits until the element ``locator`` is visible.</doc>
<status status="PASS" start="2026-03-14T21:02:12.045777" elapsed="1.029885"/>
</kw>
<kw name="Click Element" owner="SeleniumLibrary">
<msg time="2026-03-14T21:02:13.076765" level="INFO">Clicking element '//*[@id="app"]/div[5]/div/div[3]/a'.</msg>
<arg>${toCheckout}</arg>
<doc>Click the element identified by ``locator``.</doc>
<status status="PASS" start="2026-03-14T21:02:13.076165" elapsed="1.126142"/>
</kw>
<status status="PASS" start="2026-03-14T21:02:12.045065" elapsed="2.157379"/>
</kw>
<kw name="Type postal code" owner="Page_resources">
<kw name="Wait Until Element Is Visible" owner="SeleniumLibrary">
<arg>${PostalCode}</arg>
<arg>15s</arg>
<doc>Waits until the element ``locator`` is visible.</doc>
<status status="PASS" start="2026-03-14T21:02:14.204903" elapsed="1.023960"/>
</kw>
<kw name="Input Text" owner="SeleniumLibrary">
<msg time="2026-03-14T21:02:15.229615" level="INFO">Typing text '00100' into text field '//*[@id="postalCode"]'.</msg>
<arg>${PostalCode}</arg>
<arg>${PostalNumber}</arg>
<doc>Types the given ``text`` into the text field identified by ``locator``.</doc>
<status status="PASS" start="2026-03-14T21:02:15.229202" elapsed="1.606166"/>
</kw>
<kw name="Press Keys" owner="SeleniumLibrary">
<msg time="2026-03-14T21:02:16.836440" level="INFO">Sending key(s) ('ENTER',) to //*[@id="postalCode"] element.</msg>
<msg time="2026-03-14T21:02:18.115624" level="INFO">Pressing special key ENTER to element.</msg>
<msg time="2026-03-14T21:02:18.115775" level="INFO">Releasing special key ENTER.</msg>
<arg>${PostalCode}</arg>
<arg>ENTER</arg>
<doc>Simulates the user pressing key(s) to an element or on the active browser.</doc>
<status status="PASS" start="2026-03-14T21:02:16.835693" elapsed="1.789836"/>
</kw>
<status status="PASS" start="2026-03-14T21:02:14.204371" elapsed="4.421301"/>
</kw>
<kw name="Verify receipt total" owner="Page_resources">
<kw name="Wait Until Element Is Visible" owner="SeleniumLibrary">
<arg>css:[data-cy="basket-total-value"]</arg>
<doc>Waits until the element ``locator`` is visible.</doc>
<status status="PASS" start="2026-03-14T21:02:18.626587" elapsed="1.028448"/>
</kw>
<kw name="Get Text" owner="SeleniumLibrary">
<msg time="2026-03-14T21:02:20.684776" level="INFO">${result} = 72,66 €</msg>
<var>${result}</var>
<arg>css:[data-cy="basket-total-value"]</arg>
<doc>Returns the text value of the element identified by ``locator``.</doc>
<status status="PASS" start="2026-03-14T21:02:19.655493" elapsed="1.029416"/>
</kw>
<kw name="Should Be Equal" owner="BuiltIn">
<arg>${BasketTotal}</arg>
<arg>${result}</arg>
<doc>Fails if the given objects are unequal.</doc>
<status status="PASS" start="2026-03-14T21:02:20.685315" elapsed="0.000965"/>
</kw>
<arg>72,66 €</arg>
<status status="PASS" start="2026-03-14T21:02:18.626292" elapsed="2.060207"/>
</kw>
<kw name="Select home delivery" owner="Page_resources">
<kw name="Wait Until Element Is Visible" owner="SeleniumLibrary">
<msg time="2026-03-14T21:02:36.313233" level="INFO" html="true">&lt;/td&gt;&lt;/tr&gt;&lt;tr&gt;&lt;td colspan="3"&gt;&lt;a href="selenium-screenshot-8.png"&gt;&lt;img src="selenium-screenshot-8.png" width="800px"&gt;&lt;/a&gt;</msg>
<msg time="2026-03-14T21:02:36.313615" level="FAIL">Element 'xpath://*[contains(text(),'kotiinkuljetus')]' not visible after 15 seconds.</msg>
<arg>xpath://*[contains(text(),'kotiinkuljetus')]</arg>
<arg>timeout=${WAITELEMENTSTIMEOUT}</arg>
<doc>Waits until the element ``locator`` is visible.</doc>
<status status="FAIL" start="2026-03-14T21:02:20.687936" elapsed="15.628951">Element 'xpath://*[contains(text(),'kotiinkuljetus')]' not visible after 15 seconds.</status>
</kw>
<kw name="Click Button" owner="SeleniumLibrary">
<arg>xpath://*[contains(text(),'kotiinkuljetus')]</arg>
<doc>Clicks the button identified by ``locator``.</doc>
<status status="NOT RUN" start="2026-03-14T21:02:36.317345" elapsed="0.000090"/>
</kw>
<kw name="Wait Until Element Is Visible" owner="SeleniumLibrary">
<arg>xpath://*[contains(text(),'matkahuolto')]</arg>
<arg>timeout=${WAITELEMENTSTIMEOUT}</arg>
<doc>Waits until the element ``locator`` is visible.</doc>
<status status="NOT RUN" start="2026-03-14T21:02:36.317695" elapsed="0.000067"/>
</kw>
<kw name="Click Button" owner="SeleniumLibrary">
<arg>xpath://*[contains(text(),'matkahuolto')]</arg>
<doc>Clicks the button identified by ``locator``.</doc>
<status status="NOT RUN" start="2026-03-14T21:02:36.317986" elapsed="0.000059"/>
</kw>
<status status="FAIL" start="2026-03-14T21:02:20.687318" elapsed="15.631027">Element 'xpath://*[contains(text(),'kotiinkuljetus')]' not visible after 15 seconds.</status>
</kw>
<kw name="Select get from store" owner="Page_resources">
<status status="NOT RUN" start="2026-03-14T21:02:36.319390" elapsed="0.000114"/>
</kw>
<kw name="Close Browser" owner="SeleniumLibrary">
<doc>Closes the current browser.</doc>
<status status="NOT RUN" start="2026-03-14T21:02:36.320184" elapsed="0.000100"/>
</kw>
<status status="FAIL" start="2026-03-14T21:01:48.463025" elapsed="47.858101">Element 'xpath://*[contains(text(),'kotiinkuljetus')]' not visible after 15 seconds.</status>
</test>
<doc>Simple example using SeleniumLibrary - Test suite</doc>
<status status="FAIL" start="2026-03-14T21:01:38.517805" elapsed="57.806107"/>
</suite>
<statistics>
<total>
<stat pass="1" fail="1" skip="0">All Tests</stat>
</total>
<tag>
</tag>
<suite>
<stat name="Test suite" id="s1" pass="1" fail="1" skip="0">Test suite</stat>
</suite>
</statistics>
<errors>
<msg time="2026-03-14T21:01:38.642265" level="ERROR">Error in file 'C:\Projects\TestAutomation\K_Rauta_webpage_example\Identifiers.robot' on line 27: Setting variable '${matkahuolto} //*[@id="main-content"]/div/div[3]/div/div/div/div[1]/div/div[2]/div/div/div[2]/div[3]/div[2]/fieldset/div[1]/label/div/div' failed: Invalid variable name '${matkahuolto} //*[@id="main-content"]/div/div[3]/div/div/div/div[1]/div/div[2]/div/div/div[2]/div[3]/div[2]/fieldset/div[1]/label/div/div'.</msg>
</errors>
</robot>
